huawei/build/outputs/logs/manifest-merger-release-report.txt
-- Merging decision tree log ---
permission#cn.cloud.push.permission.JPUSH_MESSAGE
INJECTED from src/main/AndroidManifest.xml:6:5-8:47
MERGED from [cn.jiguang.sdk:jpush:3.5.4] AndroidManifest.xml:11:5-13:47
	android:protectionLevel
		ADDED from src/main/AndroidManifest.xml:8:9-44
	android:name
		INJECTED from src/main/AndroidManifest.xml
		ADDED from src/main/AndroidManifest.xml:7:9-65
uses-permission#cn.cloud.push.permission.JPUSH_MESSAGE
INJECTED from src/main/AndroidManifest.xml:11:5-81
MERGED from [cn.jiguang.sdk:jpush:3.5.4] AndroidManifest.xml:16:5-81
	android:name
		INJECTED from src/main/AndroidManifest.xml
		ADDED from src/main/AndroidManifest.xml:11:22-78
permission#cn.cloud.push.permission.MIPUSH_RECEIVE
INJECTED from src/main/AndroidManifest.xml:23:5-25:47
	android:protectionLevel
		ADDED from src/main/AndroidManifest.xml:25:9-44
	android:name
		INJECTED from src/main/AndroidManifest.xml
		ADDED from src/main/AndroidManifest.xml:24:9-66
uses-permission#cn.cloud.push.permission.MIPUSH_RECEIVE
INJECTED from src/main/AndroidManifest.xml:26:5-82
	android:name
		INJECTED from src/main/AndroidManifest.xml
		ADDED from src/main/AndroidManifest.xml:26:22-79
category#cn.cloud.push
INJECTED from src/main/AndroidManifest.xml:80:17-61
INJECTED from src/main/AndroidManifest.xml:114:17-61
INJECTED from src/main/AndroidManifest.xml:133:17-61
INJECTED from src/main/AndroidManifest.xml:170:17-61
INJECTED from src/main/AndroidManifest.xml:181:17-70
INJECTED from src/main/AndroidManifest.xml:192:17-61
	android:name
		INJECTED from src/main/AndroidManifest.xml
		INJECTED from src/main/AndroidManifest.xml
		INJECTED from src/main/AndroidManifest.xml
		INJECTED from src/main/AndroidManifest.xml
		INJECTED from src/main/AndroidManifest.xml
		INJECTED from src/main/AndroidManifest.xml
		ADDED from src/main/AndroidManifest.xml:80:27-58
provider#cn.jpush.android.service.DataProvider
INJECTED from src/main/AndroidManifest.xml:99:9-104:11
MERGED from [cn.jiguang.sdk:jpush:3.5.4] AndroidManifest.xml:126:9-130:43
MERGED from [cn.jiguang.sdk:jpush:3.5.4] AndroidManifest.xml:126:9-130:43
	android:process
		ADDED from src/main/AndroidManifest.xml:102:13-40
	android:authorities
		INJECTED from src/main/AndroidManifest.xml
		ADDED from src/main/AndroidManifest.xml:100:13-64
	android:exported
		ADDED from src/main/AndroidManifest.xml:103:13-37
	android:name
		ADDED from src/main/AndroidManifest.xml:101:13-65
provider#cn.jpush.android.service.DownloadProvider
INJECTED from src/main/AndroidManifest.xml:120:9-124:11
MERGED from [cn.jiguang.sdk:jpush:3.5.4] AndroidManifest.xml:132:9-135:39
MERGED from [cn.jiguang.sdk:jpush:3.5.4] AndroidManifest.xml:132:9-135:39
	android:authorities
		INJECTED from src/main/AndroidManifest.xml
		ADDED from src/main/AndroidManifest.xml:121:13-68
	android:exported
		ADDED from src/main/AndroidManifest.xml:123:13-36
	android:name
		ADDED from src/main/AndroidManifest.xml:122:13-69
meta-data#XIAOMI_APPID
INJECTED from src/main/AndroidManifest.xml:272:9-274:47
	android:value
		INJECTED from src/main/AndroidManifest.xml
		ADDED from src/main/AndroidManifest.xml:274:13-44
	android:name
		ADDED from src/main/AndroidManifest.xml:273:13-40
meta-data#XIAOMI_APPKEY
INJECTED from src/main/AndroidManifest.xml:275:9-277:48
	android:value
		INJECTED from src/main/AndroidManifest.xml
		ADDED from src/main/AndroidManifest.xml:277:13-45
	android:name
		ADDED from src/main/AndroidManifest.xml:276:13-41
meta-data#JPUSH_CHANNEL
INJECTED from src/main/AndroidManifest.xml:294:9-83
MERGED from [cn.jiguang.sdk:jpush:3.5.4] AndroidManifest.xml:151:9-153:48
MERGED from [cn.jiguang.sdk:jpush:3.5.4] AndroidManifest.xml:151:9-153:48
	android:value
		INJECTED from src/main/AndroidManifest.xml
		ADDED from src/main/AndroidManifest.xml:294:49-81
	android:name
		ADDED from src/main/AndroidManifest.xml:294:20-48
meta-data#JPUSH_APPKEY
INJECTED from src/main/AndroidManifest.xml:295:9-82
MERGED from [cn.jiguang.sdk:jpush:3.5.4] AndroidManifest.xml:154:9-156:47
MERGED from [cn.jiguang.sdk:jpush:3.5.4] AndroidManifest.xml:154:9-156:47
	android:value
		INJECTED from src/main/AndroidManifest.xml
		ADDED from src/main/AndroidManifest.xml:295:48-79
	android:name
		ADDED from src/main/AndroidManifest.xml:295:20-47
manifest
ADDED from src/main/AndroidManifest.xml:2:1-298:12
INJECTED from src/main/AndroidManifest.xml:2:1-298:12
INJECTED from src/main/AndroidManifest.xml:2:1-298:12
INJECTED from src/main/AndroidManifest.xml:2:1-298:12
MERGED from [cn.jiguang.sdk:jpush:3.5.4] AndroidManifest.xml:2:1-160:12
MERGED from [com.huawei.hms:push:4.0.2.300] AndroidManifest.xml:2:1-75:12
MERGED from [cn.jiguang.sdk.plugin:huawei:3.6.6.1] AndroidManifest.xml:2:1-24:12
MERGED from [cn.jiguang.sdk:jcore:2.2.8] AndroidManifest.xml:2:1-14:12
MERGED from [com.huawei.hms:opendevice:4.0.1.301] AndroidManifest.xml:2:1-23:12
MERGED from [com.huawei.hms:base:4.0.2.300] AndroidManifest.xml:2:1-59:12
MERGED from [com.huawei.agconnect:agconnect-core:1.0.0.300] AndroidManifest.xml:2:1-20:12
MERGED from [com.huawei.hmf:tasks:1.3.3.300] AndroidManifest.xml:2:1-10:12
MERGED from [com.huawei.hms:network-grs:4.0.2.300] AndroidManifest.xml:2:1-11:12
MERGED from [com.huawei.hms:update:2.0.6.300] AndroidManifest.xml:2:1-41:12
MERGED from [com.huawei.hms:network-common:4.0.2.300] AndroidManifest.xml:2:1-11:12
INJECTED from src/main/AndroidManifest.xml:2:1-298:12
INJECTED from src/main/AndroidManifest.xml:2:1-298:12
INJECTED from src/main/AndroidManifest.xml:2:1-298:12
	package
		ADDED from src/main/AndroidManifest.xml:4:5-36
		INJECTED from src/main/AndroidManifest.xml
		INJECTED from src/main/AndroidManifest.xml
	android:versionName
		INJECTED from src/main/AndroidManifest.xml
		ADDED from src/main/AndroidManifest.xml:2:1-298:12
		INJECTED from src/main/AndroidManifest.xml
	xmlns:tools
		ADDED from src/main/AndroidManifest.xml:3:5-51
	android:versionCode
		INJECTED from src/main/AndroidManifest.xml
		ADDED from src/main/AndroidManifest.xml:2:1-298:12
		INJECTED from src/main/AndroidManifest.xml
	xmlns:android
		ADDED from src/main/AndroidManifest.xml:2:11-69
uses-permission#android.permission.RECEIVE_USER_PRESENT
ADDED from src/main/AndroidManifest.xml:12:5-79
MERGED from [cn.jiguang.sdk:jpush:3.5.4] AndroidManifest.xml:17:5-79
MERGED from [cn.jiguang.sdk:jpush:3.5.4] AndroidManifest.xml:17:5-79
	android:name
		ADDED from src/main/AndroidManifest.xml:12:22-76
uses-permission#android.permission.INTERNET
ADDED from src/main/AndroidManifest.xml:13:5-67
MERGED from [cn.jiguang.sdk:jpush:3.5.4] AndroidManifest.xml:18:5-67
MERGED from [cn.jiguang.sdk:jpush:3.5.4] AndroidManifest.xml:18:5-67
MERGED from [com.huawei.hms:base:4.0.2.300] AndroidManifest.xml:10:5-67
MERGED from [com.huawei.hms:base:4.0.2.300] AndroidManifest.xml:10:5-67
MERGED from [com.huawei.hms:update:2.0.6.300] AndroidManifest.xml:11:5-67
MERGED from [com.huawei.hms:update:2.0.6.300] AndroidManifest.xml:11:5-67
	android:name
		ADDED from src/main/AndroidManifest.xml:13:22-64
uses-permission#android.permission.READ_PHONE_STATE
ADDED from src/main/AndroidManifest.xml:14:5-75
MERGED from [cn.jiguang.sdk:jpush:3.5.4] AndroidManifest.xml:19:5-75
MERGED from [cn.jiguang.sdk:jpush:3.5.4] AndroidManifest.xml:19:5-75
	android:name
		ADDED from src/main/AndroidManifest.xml:14:22-72
uses-permission#android.permission.WRITE_EXTERNAL_STORAGE
ADDED from src/main/AndroidManifest.xml:15:5-81
MERGED from [cn.jiguang.sdk:jpush:3.5.4] AndroidManifest.xml:20:5-81
MERGED from [cn.jiguang.sdk:jpush:3.5.4] AndroidManifest.xml:20:5-81
MERGED from [com.huawei.hms:base:4.0.2.300] AndroidManifest.xml:12:5-81
MERGED from [com.huawei.hms:base:4.0.2.300] AndroidManifest.xml:12:5-81
	android:name
		ADDED from src/main/AndroidManifest.xml:15:22-78
uses-permission#android.permission.READ_EXTERNAL_STORAGE
ADDED from src/main/AndroidManifest.xml:16:5-80
MERGED from [cn.jiguang.sdk:jpush:3.5.4] AndroidManifest.xml:21:5-80
MERGED from [cn.jiguang.sdk:jpush:3.5.4] AndroidManifest.xml:21:5-80
	android:name
		ADDED from src/main/AndroidManifest.xml:16:22-77
uses-permission#android.permission.MOUNT_UNMOUNT_FILESYSTEMS
ADDED from src/main/AndroidManifest.xml:17:5-84
MERGED from [cn.jiguang.sdk:jpush:3.5.4] AndroidManifest.xml:23:5-84
MERGED from [cn.jiguang.sdk:jpush:3.5.4] AndroidManifest.xml:23:5-84
	android:name
		ADDED from src/main/AndroidManifest.xml:17:22-81
uses-permission#android.permission.ACCESS_NETWORK_STATE
ADDED from src/main/AndroidManifest.xml:18:5-79
MERGED from [cn.jiguang.sdk:jpush:3.5.4] AndroidManifest.xml:24:5-79
MERGED from [cn.jiguang.sdk:jpush:3.5.4] AndroidManifest.xml:24:5-79
MERGED from [com.huawei.hms:base:4.0.2.300] AndroidManifest.xml:14:5-79
MERGED from [com.huawei.hms:base:4.0.2.300] AndroidManifest.xml:14:5-79
MERGED from [com.huawei.hms:update:2.0.6.300] AndroidManifest.xml:12:5-79
MERGED from [com.huawei.hms:update:2.0.6.300] AndroidManifest.xml:12:5-79
	android:name
		ADDED from src/main/AndroidManifest.xml:18:22-76
uses-permission#android.permission.ACCESS_WIFI_STATE
ADDED from src/main/AndroidManifest.xml:19:5-76
MERGED from [cn.jiguang.sdk:jpush:3.5.4] AndroidManifest.xml:25:5-76
MERGED from [cn.jiguang.sdk:jpush:3.5.4] AndroidManifest.xml:25:5-76
	android:name
		ADDED from src/main/AndroidManifest.xml:19:22-73
uses-permission#android.permission.VIBRATE
ADDED from src/main/AndroidManifest.xml:29:5-66
MERGED from [cn.jiguang.sdk:jpush:3.5.4] AndroidManifest.xml:28:5-66
MERGED from [cn.jiguang.sdk:jpush:3.5.4] AndroidManifest.xml:28:5-66
	android:name
		ADDED from src/main/AndroidManifest.xml:29:22-63
uses-permission#android.permission.SYSTEM_ALERT_WINDOW
ADDED from src/main/AndroidManifest.xml:30:5-78
MERGED from [cn.jiguang.sdk:jpush:3.5.4] AndroidManifest.xml:29:5-78
MERGED from [cn.jiguang.sdk:jpush:3.5.4] AndroidManifest.xml:29:5-78
	android:name
		ADDED from src/main/AndroidManifest.xml:30:22-75
uses-permission#android.permission.ACCESS_COARSE_LOCATION
ADDED from src/main/AndroidManifest.xml:31:5-81
MERGED from [cn.jiguang.sdk:jpush:3.5.4] AndroidManifest.xml:30:5-81
MERGED from [cn.jiguang.sdk:jpush:3.5.4] AndroidManifest.xml:30:5-81
	android:name
		ADDED from src/main/AndroidManifest.xml:31:22-78
uses-permission#android.permission.CHANGE_WIFI_STATE
ADDED from src/main/AndroidManifest.xml:32:5-76
MERGED from [cn.jiguang.sdk:jpush:3.5.4] AndroidManifest.xml:31:5-76
MERGED from [cn.jiguang.sdk:jpush:3.5.4] AndroidManifest.xml:31:5-76
	android:name
		ADDED from src/main/AndroidManifest.xml:32:22-73
uses-permission#android.permission.ACCESS_FINE_LOCATION
ADDED from src/main/AndroidManifest.xml:33:5-79
MERGED from [cn.jiguang.sdk:jpush:3.5.4] AndroidManifest.xml:32:5-79
MERGED from [cn.jiguang.sdk:jpush:3.5.4] AndroidManifest.xml:32:5-79
	android:name
		ADDED from src/main/AndroidManifest.xml:33:22-76
uses-permission#android.permission.ACCESS_BACKGROUND_LOCATION
ADDED from src/main/AndroidManifest.xml:34:5-85
MERGED from [cn.jiguang.sdk:jpush:3.5.4] AndroidManifest.xml:33:5-85
MERGED from [cn.jiguang.sdk:jpush:3.5.4] AndroidManifest.xml:33:5-85
	android:name
		ADDED from src/main/AndroidManifest.xml:34:22-82
uses-permission#android.permission.ACCESS_LOCATION_EXTRA_COMMANDS
ADDED from src/main/AndroidManifest.xml:35:5-89
MERGED from [cn.jiguang.sdk:jpush:3.5.4] AndroidManifest.xml:34:5-89
MERGED from [cn.jiguang.sdk:jpush:3.5.4] AndroidManifest.xml:34:5-89
	android:name
		ADDED from src/main/AndroidManifest.xml:35:22-86
uses-permission#android.permission.CHANGE_NETWORK_STATE
ADDED from src/main/AndroidManifest.xml:36:5-79
MERGED from [cn.jiguang.sdk:jpush:3.5.4] AndroidManifest.xml:35:5-79
MERGED from [cn.jiguang.sdk:jpush:3.5.4] AndroidManifest.xml:35:5-79
	android:name
		ADDED from src/main/AndroidManifest.xml:36:22-76
uses-permission#android.permission.GET_TASKS
ADDED from src/main/AndroidManifest.xml:37:5-68
MERGED from [cn.jiguang.sdk:jpush:3.5.4] AndroidManifest.xml:36:5-68
MERGED from [cn.jiguang.sdk:jpush:3.5.4] AndroidManifest.xml:36:5-68
	android:name
		ADDED from src/main/AndroidManifest.xml:37:22-65
application
ADDED from src/main/AndroidManifest.xml:39:5-297:19
MERGED from [cn.jiguang.sdk:jpush:3.5.4] AndroidManifest.xml:38:5-158:19
MERGED from [cn.jiguang.sdk:jpush:3.5.4] AndroidManifest.xml:38:5-158:19
MERGED from [com.huawei.hms:push:4.0.2.300] AndroidManifest.xml:23:5-73:19
MERGED from [com.huawei.hms:push:4.0.2.300] AndroidManifest.xml:23:5-73:19
MERGED from [cn.jiguang.sdk.plugin:huawei:3.6.6.1] AndroidManifest.xml:11:5-22:19
MERGED from [cn.jiguang.sdk.plugin:huawei:3.6.6.1] AndroidManifest.xml:11:5-22:19
MERGED from [cn.jiguang.sdk:jcore:2.2.8] AndroidManifest.xml:11:5-12:19
MERGED from [cn.jiguang.sdk:jcore:2.2.8] AndroidManifest.xml:11:5-12:19
MERGED from [com.huawei.hms:opendevice:4.0.1.301] AndroidManifest.xml:9:5-21:19
MERGED from [com.huawei.hms:opendevice:4.0.1.301] AndroidManifest.xml:9:5-21:19
MERGED from [com.huawei.hms:base:4.0.2.300] AndroidManifest.xml:20:5-57:19
MERGED from [com.huawei.hms:base:4.0.2.300] AndroidManifest.xml:20:5-57:19
MERGED from [com.huawei.agconnect:agconnect-core:1.0.0.300] AndroidManifest.xml:9:5-18:19
MERGED from [com.huawei.agconnect:agconnect-core:1.0.0.300] AndroidManifest.xml:9:5-18:19
MERGED from [com.huawei.hms:update:2.0.6.300] AndroidManifest.xml:20:5-39:19
MERGED from [com.huawei.hms:update:2.0.6.300] AndroidManifest.xml:20:5-39:19
	android:supportsRtl
		ADDED from [cn.jiguang.sdk.plugin:huawei:3.6.6.1] AndroidManifest.xml:14:9-35
	android:label
		ADDED from src/main/AndroidManifest.xml:41:9-41
	android:testOnly
		ADDED from src/main/AndroidManifest.xml:42:9-33
	android:allowBackup
		ADDED from [cn.jiguang.sdk.plugin:huawei:3.6.6.1] AndroidManifest.xml:12:9-35
	android:icon
		ADDED from src/main/AndroidManifest.xml:40:9-45
	android:name
		ADDED from src/main/AndroidManifest.xml:43:9-64
activity#com.example.jpushdemo.MainActivity
ADDED from src/main/AndroidManifest.xml:46:9-53:20
	android:label
		ADDED from src/main/AndroidManifest.xml:48:13-45
	android:name
		ADDED from src/main/AndroidManifest.xml:47:13-62
intent-filter#action:name:android.intent.action.MAIN+category:name:android.intent.category.LAUNCHER
ADDED from src/main/AndroidManifest.xml:49:13-52:29
action#android.intent.action.MAIN
ADDED from src/main/AndroidManifest.xml:50:17-69
	android:name
		ADDED from src/main/AndroidManifest.xml:50:25-66
category#android.intent.category.LAUNCHER
ADDED from src/main/AndroidManifest.xml:51:17-77
	android:name
		ADDED from src/main/AndroidManifest.xml:51:27-74
activity#com.example.jpushdemo.PushSetActivity
ADDED from src/main/AndroidManifest.xml:55:8-115
	android:label
		ADDED from src/main/AndroidManifest.xml:55:71-103
	android:name
		ADDED from src/main/AndroidManifest.xml:55:18-70
activity#com.example.jpushdemo.SettingActivity
ADDED from src/main/AndroidManifest.xml:57:8-115
	android:label
		ADDED from src/main/AndroidManifest.xml:57:71-103
	android:name
		ADDED from src/main/AndroidManifest.xml:57:18-70
activity#com.example.jpushdemo.TestActivity
ADDED from src/main/AndroidManifest.xml:59:9-64:20
	android:exported
		ADDED from src/main/AndroidManifest.xml:59:69-93
	android:name
		ADDED from src/main/AndroidManifest.xml:59:19-68
intent-filter#action:name:jpush.testAction+category:name:jpush.testCategory
ADDED from src/main/AndroidManifest.xml:60:13-63:29
action#jpush.testAction
ADDED from src/main/AndroidManifest.xml:61:17-59
	android:name
		ADDED from src/main/AndroidManifest.xml:61:25-56
category#jpush.testCategory
ADDED from src/main/AndroidManifest.xml:62:17-63
	android:name
		ADDED from src/main/AndroidManifest.xml:62:27-60
activity#cn.jpush.android.ui.PopWinActivity
ADDED from src/main/AndroidManifest.xml:67:9-70:20
MERGED from [cn.jiguang.sdk:jpush:3.5.4] AndroidManifest.xml:41:9-52:20
MERGED from [cn.jiguang.sdk:jpush:3.5.4] AndroidManifest.xml:41:9-52:20
	android:exported
		ADDED from [cn.jiguang.sdk:jpush:3.5.4] AndroidManifest.xml:43:13-36
	android:theme
		ADDED from src/main/AndroidManifest.xml:69:13-49
	android:name
		ADDED from src/main/AndroidManifest.xml:68:13-62
activity#cn.jpush.android.ui.PushActivity
ADDED from src/main/AndroidManifest.xml:73:9-82:20
MERGED from [cn.jiguang.sdk:jpush:3.5.4] AndroidManifest.xml:55:9-66:20
MERGED from [cn.jiguang.sdk:jpush:3.5.4] AndroidManifest.xml:55:9-66:20
	android:exported
		ADDED from [cn.jiguang.sdk:jpush:3.5.4] AndroidManifest.xml:58:13-36
	android:configChanges
		ADDED from src/main/AndroidManifest.xml:75:13-63
	android:theme
		ADDED from src/main/AndroidManifest.xml:76:13-60
	android:name
		ADDED from src/main/AndroidManifest.xml:74:13-60
intent-filter#action:name:cn.jpush.android.ui.PushActivity+category:name:android.intent.category.DEFAULT+category:name:cn.cloud.push
ADDED from src/main/AndroidManifest.xml:77:13-81:29
action#cn.jpush.android.ui.PushActivity
ADDED from src/main/AndroidManifest.xml:78:17-75
	android:name
		ADDED from src/main/AndroidManifest.xml:78:25-72
category#android.intent.category.DEFAULT
ADDED from src/main/AndroidManifest.xml:79:17-76
	android:name
		ADDED from src/main/AndroidManifest.xml:79:27-73
service#cn.jpush.android.service.PushService
ADDED from src/main/AndroidManifest.xml:86:9-96:19
MERGED from [cn.jiguang.sdk:jpush:3.5.4] AndroidManifest.xml:69:9-80:19
MERGED from [cn.jiguang.sdk:jpush:3.5.4] AndroidManifest.xml:69:9-80:19
	android:enabled
		ADDED from [cn.jiguang.sdk:jpush:3.5.4] AndroidManifest.xml:71:13-35
	android:process
		ADDED from src/main/AndroidManifest.xml:88:13-40
	android:exported
		ADDED from src/main/AndroidManifest.xml:89:13-37
	android:name
		ADDED from src/main/AndroidManifest.xml:87:13-64
intent-filter#action:name:cn.jpush.android.intent.PUSH_TIME+action:name:cn.jpush.android.intent.PushService+action:name:cn.jpush.android.intent.REGISTER+action:name:cn.jpush.android.intent.REPORT
ADDED from src/main/AndroidManifest.xml:90:13-95:29
action#cn.jpush.android.intent.REGISTER
ADDED from src/main/AndroidManifest.xml:91:17-75
	android:name
		ADDED from src/main/AndroidManifest.xml:91:25-72
action#cn.jpush.android.intent.REPORT
ADDED from src/main/AndroidManifest.xml:92:17-73
	android:name
		ADDED from src/main/AndroidManifest.xml:92:25-70
action#cn.jpush.android.intent.PushService
ADDED from src/main/AndroidManifest.xml:93:17-78
	android:name
		ADDED from src/main/AndroidManifest.xml:93:25-75
action#cn.jpush.android.intent.PUSH_TIME
ADDED from src/main/AndroidManifest.xml:94:17-76
	android:name
		ADDED from src/main/AndroidManifest.xml:94:25-73
service#cn.jpush.android.service.DaemonService
ADDED from src/main/AndroidManifest.xml:108:9-117:19
MERGED from [cn.jiguang.sdk:jpush:3.5.4] AndroidManifest.xml:84:9-93:19
MERGED from [cn.jiguang.sdk:jpush:3.5.4] AndroidManifest.xml:84:9-93:19
	android:enabled
		ADDED from src/main/AndroidManifest.xml:110:13-35
	android:exported
		ADDED from src/main/AndroidManifest.xml:111:13-36
	android:name
		ADDED from src/main/AndroidManifest.xml:109:13-66
intent-filter#action:name:cn.jpush.android.intent.DaemonService+category:name:cn.cloud.push
ADDED from src/main/AndroidManifest.xml:112:13-115:29
action#cn.jpush.android.intent.DaemonService
ADDED from src/main/AndroidManifest.xml:113:17-80
	android:name
		ADDED from src/main/AndroidManifest.xml:113:25-77
receiver#cn.jpush.android.service.PushReceiver
ADDED from src/main/AndroidManifest.xml:127:9-146:20
MERGED from [cn.jiguang.sdk:jpush:3.5.4] AndroidManifest.xml:96:9-115:20
MERGED from [cn.jiguang.sdk:jpush:3.5.4] AndroidManifest.xml:96:9-115:20
	android:enabled
		ADDED from src/main/AndroidManifest.xml:129:13-35
	android:exported
		ADDED from src/main/AndroidManifest.xml:130:13-37
	android:name
		ADDED from src/main/AndroidManifest.xml:128:13-65
intent-filter#action:name:cn.jpush.android.intent.NOTIFICATION_RECEIVED_PROXY+category:name:cn.cloud.push
ADDED from src/main/AndroidManifest.xml:131:13-134:29
	android:priority
		ADDED from src/main/AndroidManifest.xml:131:28-51
action#cn.jpush.android.intent.NOTIFICATION_RECEIVED_PROXY
ADDED from src/main/AndroidManifest.xml:132:17-94
	android:name
		ADDED from src/main/AndroidManifest.xml:132:25-91
intent-filter#action:name:android.intent.action.USER_PRESENT+action:name:android.net.conn.CONNECTIVITY_CHANGE
ADDED from src/main/AndroidManifest.xml:135:13-138:29
action#android.intent.action.USER_PRESENT
ADDED from src/main/AndroidManifest.xml:136:17-77
	android:name
		ADDED from src/main/AndroidManifest.xml:136:25-74
action#android.net.conn.CONNECTIVITY_CHANGE
ADDED from src/main/AndroidManifest.xml:137:17-79
	android:name
		ADDED from src/main/AndroidManifest.xml:137:25-76
intent-filter#action:name:android.intent.action.PACKAGE_ADDED+action:name:android.intent.action.PACKAGE_REMOVED+data:scheme:package
ADDED from src/main/AndroidManifest.xml:140:13-145:29
action#android.intent.action.PACKAGE_ADDED
ADDED from src/main/AndroidManifest.xml:141:17-78
	android:name
		ADDED from src/main/AndroidManifest.xml:141:25-75
action#android.intent.action.PACKAGE_REMOVED
ADDED from src/main/AndroidManifest.xml:142:17-80
	android:name
		ADDED from src/main/AndroidManifest.xml:142:25-77
data
ADDED from src/main/AndroidManifest.xml:144:17-50
	android:scheme
		ADDED from src/main/AndroidManifest.xml:144:23-47
receiver#cn.jpush.android.service.AlarmReceiver
ADDED from src/main/AndroidManifest.xml:149:9-99
MERGED from [cn.jiguang.sdk:jpush:3.5.4] AndroidManifest.xml:118:9-120:40
MERGED from [cn.jiguang.sdk:jpush:3.5.4] AndroidManifest.xml:118:9-120:40
	android:exported
		ADDED from src/main/AndroidManifest.xml:149:73-97
	android:name
		ADDED from src/main/AndroidManifest.xml:149:19-72
receiver#cn.jpush.android.service.SchedulerReceiver
ADDED from src/main/AndroidManifest.xml:153:9-103
MERGED from [cn.jiguang.sdk:jpush:3.5.4] AndroidManifest.xml:121:9-123:40
MERGED from [cn.jiguang.sdk:jpush:3.5.4] AndroidManifest.xml:121:9-123:40
	android:exported
		ADDED from src/main/AndroidManifest.xml:153:77-101
	android:name
		ADDED from src/main/AndroidManifest.xml:153:19-76
receiver#com.example.jpushdemo.MyReceiver
ADDED from src/main/AndroidManifest.xml:160:9-172:20
	android:enabled
		ADDED from src/main/AndroidManifest.xml:163:13-35
	android:exported
		ADDED from src/main/AndroidManifest.xml:162:13-37
	android:name
		ADDED from src/main/AndroidManifest.xml:161:13-60
intent-filter#action:name:cn.jpush.android.intent.CONNECTION+action:name:cn.jpush.android.intent.MESSAGE_RECEIVED+action:name:cn.jpush.android.intent.NOTIFICATION_OPENED+action:name:cn.jpush.android.intent.NOTIFICATION_RECEIVED+action:name:cn.jpush.android.intent.REGISTRATION+category:name:cn.cloud.push
ADDED from src/main/AndroidManifest.xml:164:13-171:29
action#cn.jpush.android.intent.REGISTRATION
ADDED from src/main/AndroidManifest.xml:165:17-79
	android:name
		ADDED from src/main/AndroidManifest.xml:165:25-76
action#cn.jpush.android.intent.MESSAGE_RECEIVED
ADDED from src/main/AndroidManifest.xml:166:17-83
	android:name
		ADDED from src/main/AndroidManifest.xml:166:25-80
action#cn.jpush.android.intent.NOTIFICATION_RECEIVED
ADDED from src/main/AndroidManifest.xml:167:17-88
	android:name
		ADDED from src/main/AndroidManifest.xml:167:25-85
action#cn.jpush.android.intent.NOTIFICATION_OPENED
ADDED from src/main/AndroidManifest.xml:168:17-86
	android:name
		ADDED from src/main/AndroidManifest.xml:168:25-83
action#cn.jpush.android.intent.CONNECTION
ADDED from src/main/AndroidManifest.xml:169:17-77
	android:name
		ADDED from src/main/AndroidManifest.xml:169:25-74
receiver#com.example.jpushdemo.PushMessageReceiver
ADDED from src/main/AndroidManifest.xml:178:9-183:20
	android:name
		ADDED from src/main/AndroidManifest.xml:178:19-75
intent-filter#action:name:cn.jpush.android.intent.RECEIVE_MESSAGE+category:name:cn.cloud.push
ADDED from src/main/AndroidManifest.xml:179:13-182:29
action#cn.jpush.android.intent.RECEIVE_MESSAGE
ADDED from src/main/AndroidManifest.xml:180:17-82
	android:name
		ADDED from src/main/AndroidManifest.xml:180:25-79
activity#cn.jpush.android.service.JNotifyActivity
ADDED from src/main/AndroidManifest.xml:186:9-194:20
MERGED from [cn.jiguang.sdk:jpush:3.5.4] AndroidManifest.xml:138:9-148:20
MERGED from [cn.jiguang.sdk:jpush:3.5.4] AndroidManifest.xml:138:9-148:20
	android:exported
		ADDED from [cn.jiguang.sdk:jpush:3.5.4] AndroidManifest.xml:140:13-36
	android:theme
		ADDED from src/main/AndroidManifest.xml:189:13-72
	android:taskAffinity
		ADDED from src/main/AndroidManifest.xml:188:13-48
	android:name
		ADDED from src/main/AndroidManifest.xml:187:13-68
intent-filter#action:name:cn.jpush.android.intent.JNotifyActivity+category:name:cn.cloud.push
ADDED from src/main/AndroidManifest.xml:190:13-193:29
action#cn.jpush.android.intent.JNotifyActivity
ADDED from src/main/AndroidManifest.xml:191:17-82
	android:name
		ADDED from src/main/AndroidManifest.xml:191:25-79
service#cn.jpush.android.service.PluginHuaweiPlatformsService
ADDED from src/main/AndroidManifest.xml:197:9-204:19
REJECTED from [cn.jiguang.sdk.plugin:huawei:3.6.6.1] AndroidManifest.xml:15:9-21:19
	tools:node
		ADDED from src/main/AndroidManifest.xml:200:13-33
	android:exported
		ADDED from src/main/AndroidManifest.xml:199:13-37
	android:name
		ADDED from src/main/AndroidManifest.xml:198:13-81
intent-filter#action:name:com.huawei.push.action.MESSAGING_EVENT
ADDED from src/main/AndroidManifest.xml:201:13-203:29
action#com.huawei.push.action.MESSAGING_EVENT
ADDED from src/main/AndroidManifest.xml:202:17-81
	android:name
		ADDED from src/main/AndroidManifest.xml:202:25-78
service#cn.jpush.android.service.PluginFCMMessagingService
ADDED from src/main/AndroidManifest.xml:206:9-210:19
	android:name
		ADDED from src/main/AndroidManifest.xml:206:18-83
intent-filter#action:name:com.google.firebase.MESSAGING_EVENT
ADDED from src/main/AndroidManifest.xml:207:13-209:29
action#com.google.firebase.MESSAGING_EVENT
ADDED from src/main/AndroidManifest.xml:208:17-77
	android:name
		ADDED from src/main/AndroidManifest.xml:208:25-75
service#cn.jpush.android.service.PluginFCMInstanceIdService
ADDED from src/main/AndroidManifest.xml:211:9-215:19
	android:name
		ADDED from src/main/AndroidManifest.xml:211:18-84
intent-filter#action:name:com.google.firebase.INSTANCE_ID_EVENT
ADDED from src/main/AndroidManifest.xml:212:13-214:29
action#com.google.firebase.INSTANCE_ID_EVENT
ADDED from src/main/AndroidManifest.xml:213:17-79
	android:name
		ADDED from src/main/AndroidManifest.xml:213:25-77
service#com.xiaomi.push.service.XMJobService
ADDED from src/main/AndroidManifest.xml:218:9-223:43
	android:process
		ADDED from src/main/AndroidManifest.xml:223:13-40
	android:enabled
		ADDED from src/main/AndroidManifest.xml:220:13-35
	android:exported
		ADDED from src/main/AndroidManifest.xml:221:13-37
	android:permission
		ADDED from src/main/AndroidManifest.xml:222:13-69
	android:name
		ADDED from src/main/AndroidManifest.xml:219:13-64
service#com.xiaomi.push.service.XMPushService
ADDED from src/main/AndroidManifest.xml:225:9-228:43
	android:process
		ADDED from src/main/AndroidManifest.xml:228:13-40
	android:enabled
		ADDED from src/main/AndroidManifest.xml:227:13-35
	android:name
		ADDED from src/main/AndroidManifest.xml:226:13-65
service#com.xiaomi.mipush.sdk.PushMessageHandler
ADDED from src/main/AndroidManifest.xml:230:9-233:39
	android:enabled
		ADDED from src/main/AndroidManifest.xml:232:13-35
	android:exported
		ADDED from src/main/AndroidManifest.xml:233:13-36
	android:name
		ADDED from src/main/AndroidManifest.xml:231:13-68
service#com.xiaomi.mipush.sdk.MessageHandleService
ADDED from src/main/AndroidManifest.xml:235:9-237:38
	android:enabled
		ADDED from src/main/AndroidManifest.xml:237:13-35
	android:name
		ADDED from src/main/AndroidManifest.xml:236:13-70
receiver#com.xiaomi.push.service.receivers.NetworkStatusReceiver
ADDED from src/main/AndroidManifest.xml:239:9-247:20
	android:exported
		ADDED from src/main/AndroidManifest.xml:241:13-36
	android:name
		ADDED from src/main/AndroidManifest.xml:240:13-83
intent-filter#action:name:android.net.conn.CONNECTIVITY_CHANGE+category:name:android.intent.category.DEFAULT
ADDED from src/main/AndroidManifest.xml:242:13-246:29
receiver#com.xiaomi.push.service.receivers.PingReceiver
ADDED from src/main/AndroidManifest.xml:249:9-256:20
	android:process
		ADDED from src/main/AndroidManifest.xml:252:13-40
	android:exported
		ADDED from src/main/AndroidManifest.xml:251:13-37
	android:name
		ADDED from src/main/AndroidManifest.xml:250:13-74
intent-filter#action:name:com.xiaomi.push.PING_TIMER
ADDED from src/main/AndroidManifest.xml:253:13-255:29
action#com.xiaomi.push.PING_TIMER
ADDED from src/main/AndroidManifest.xml:254:17-69
	android:name
		ADDED from src/main/AndroidManifest.xml:254:25-66
receiver#cn.jpush.android.service.PluginXiaomiPlatformsReceiver
ADDED from src/main/AndroidManifest.xml:258:9-270:20
	android:exported
		ADDED from src/main/AndroidManifest.xml:260:13-36
	android:name
		ADDED from src/main/AndroidManifest.xml:259:13-82
intent-filter#action:name:com.xiaomi.mipush.RECEIVE_MESSAGE
ADDED from src/main/AndroidManifest.xml:261:13-263:29
action#com.xiaomi.mipush.RECEIVE_MESSAGE
ADDED from src/main/AndroidManifest.xml:262:17-76
	android:name
		ADDED from src/main/AndroidManifest.xml:262:25-73
intent-filter#action:name:com.xiaomi.mipush.MESSAGE_ARRIVED
ADDED from src/main/AndroidManifest.xml:264:13-266:29
action#com.xiaomi.mipush.MESSAGE_ARRIVED
ADDED from src/main/AndroidManifest.xml:265:17-76
	android:name
		ADDED from src/main/AndroidManifest.xml:265:25-73
intent-filter#action:name:com.xiaomi.mipush.ERROR
ADDED from src/main/AndroidManifest.xml:267:13-269:29
action#com.xiaomi.mipush.ERROR
ADDED from src/main/AndroidManifest.xml:268:17-66
	android:name
		ADDED from src/main/AndroidManifest.xml:268:25-63
service#com.example.jpushdemo.PushService
ADDED from src/main/AndroidManifest.xml:283:9-288:19
	android:process
		ADDED from src/main/AndroidManifest.xml:284:13-40
	android:name
		ADDED from src/main/AndroidManifest.xml:283:18-66
intent-filter#action:name:cn.jiguang.user.service.action